[info] loaded existing output /Users/mihirargulkar/Documents/CAREER/NORTHEASTERN/ML/Final/ml_final_project/insider_trades_with_returns.csv to resume
[info] processing 249 tickers across 14630 rows (skipped already-complete: 2447)
$AAN: possibly delisted; no timezone found
[warn] no price data for AAN
$ABIO: possibly delisted; no timezone found
[warn] no price data for ABIO
$AE: possibly delisted; no timezone found
[warn] no price data for AE
$AGFY: possibly delisted; no timezone found
[warn] no price data for AGFY
$AGR: possibly delisted; no timezone found
[warn] no price data for AGR
$AHNR: possibly delisted; no timezone found
[warn] no price data for AHNR
$ALRN: possibly delisted; no timezone found
[warn] no price data for ALRN
$ALTM: possibly delisted; no timezone found
[warn] no price data for ALTM
$AMNB: possibly delisted; no timezone found
[warn] no price data for AMNB
$AMPS: possibly delisted; no timezone found
[warn] no price data for AMPS
$AMSWA: possibly delisted; no timezone found
[warn] no price data for AMSWA
$APAC: possibly delisted; no price data found  (1d 2024-03-02 -> 2024-06-16) (Yahoo error = "Data doesn't exist for startDate = 1709355600, endDate = 1718510400")
[warn] no price data for APAC
$APTO: possibly delisted; no price data found  (1d 2024-11-15 -> 2025-03-01)
[warn] no price data for APTO
$ARCH: possibly delisted; no timezone found
[warn] no price data for ARCH
$ATSG: possibly delisted; no timezone found
[warn] no price data for ATSG
$AULT: possibly delisted; no timezone found
[warn] no price data for AULT
$AVRO: possibly delisted; no timezone found
[warn] no price data for AVRO
$AVTE: possibly delisted; no timezone found
[warn] no price data for AVTE
$AWH: possibly delisted; no timezone found
[warn] no price data for AWH
$AXDX: possibly delisted; no timezone found
[warn] no price data for AXDX
$AYX: possibly delisted; no timezone found
[warn] no price data for AYX
$AZEK: possibly delisted; no timezone found
[warn] no price data for AZEK
$BASE: possibly delisted; no timezone found
[warn] no price data for BASE
$BCOV: possibly delisted; no timezone found
[warn] no price data for BCOV
$BECN: possibly delisted; no timezone found
[warn] no price data for BECN
$BERY: possibly delisted; no timezone found
[warn] no price data for BERY
$BGNE: possibly delisted; no timezone found
[warn] no price data for BGNE
$BIOE: possibly delisted; no price data found  (1d 2023-05-27 -> 2023-09-10) (Yahoo error = "Data doesn't exist for startDate = 1685160000, endDate = 1694318400")
[warn] no price data for BIOE
$BLDE: possibly delisted; no timezone found
[warn] no price data for BLDE
$BLSK: possibly delisted; no timezone found
[warn] no price data for BLSK
$BOWL: possibly delisted; no timezone found
[warn] no price data for BOWL
$BPAC: possibly delisted; no timezone found
[warn] no price data for BPAC
$BRKL: possibly delisted; no timezone found
[warn] no price data for BRKL
$BTTR: possibly delisted; no timezone found
[warn] no price data for BTTR
$BYON: possibly delisted; no timezone found
[warn] no price data for BYON
$CASK: possibly delisted; no timezone found
[warn] no price data for CASK
$CBDS: possibly delisted; no timezone found
[warn] no price data for CBDS
$CCCM: possibly delisted; no timezone found
[warn] no price data for CCCM
$CCTS: possibly delisted; no price data found  (1d 2024-06-26 -> 2024-11-02)
[warn] no price data for CCTS
$CDXC: possibly delisted; no timezone found
[warn] no price data for CDXC
$CEAD: possibly delisted; no timezone found
[warn] no price data for CEAD
$CFB: possibly delisted; no timezone found
[warn] no price data for CFB
$CHRO: possibly delisted; no timezone found
[warn] no price data for CHRO
$CLSH: possibly delisted; no timezone found
[warn] no price data for CLSH
$CNFR: possibly delisted; no timezone found
[warn] no price data for CNFR
$CPSI: possibly delisted; no timezone found
[warn] no price data for CPSI
$CRGX: possibly delisted; no timezone found
[warn] no price data for CRGX
$CRWV: possibly delisted; no price data found  (1d 2024-11-04 -> 2025-02-18) (Yahoo error = "Data doesn't exist for startDate = 1730696400, endDate = 1739854800")
[warn] no price data for CRWV
$CTCX: possibly delisted; no timezone found
[warn] no price data for CTCX
$CTV: possibly delisted; no timezone found
[warn] no price data for CTV
$CVCY: possibly delisted; no timezone found
[warn] no price data for CVCY
$CYT: possibly delisted; no timezone found
[warn] no price data for CYT
$DALN: possibly delisted; no timezone found
[warn] no price data for DALN
$DMF: possibly delisted; no timezone found
[warn] no price data for DMF
$DRRX: possibly delisted; no timezone found
[warn] no price data for DRRX
$DTC: possibly delisted; no timezone found
[warn] no price data for DTC
$EAST: possibly delisted; no timezone found
[warn] no price data for EAST
$EBTC: possibly delisted; no timezone found
[warn] no price data for EBTC
$EDR: possibly delisted; no timezone found
[warn] no price data for EDR
$ELYM: possibly delisted; no timezone found
[warn] no price data for ELYM
$EMBY: possibly delisted; no timezone found
[warn] no price data for EMBY
$ENV: possibly delisted; no timezone found
[warn] no price data for ENV
$EQVU: possibly delisted; no timezone found
[warn] no price data for EQVU
$EVBN: possibly delisted; no timezone found
[warn] no price data for EVBN
$EYEN: possibly delisted; no timezone found
[warn] no price data for EYEN
$EZFL: possibly delisted; no timezone found
[warn] no price data for EZFL
$FFIE: possibly delisted; no timezone found
[warn] no price data for FFIE
$FGF: possibly delisted; no price data found  (1d 2024-11-09 -> 2025-08-25)
[warn] no price data for FGF
$FGH: possibly delisted; no timezone found
[warn] no price data for FGH
$FLIC: possibly delisted; no timezone found
[warn] no price data for FLIC
$FNA: possibly delisted; no timezone found
[warn] no price data for FNA
$FOMC: possibly delisted; no timezone found
[warn] no price data for FOMC
$FREY: possibly delisted; no timezone found
[warn] no price data for FREY
$FRTX: possibly delisted; no timezone found
[warn] no price data for FRTX
$FRZA: possibly delisted; no timezone found
[warn] no price data for FRZA
$GIGA: possibly delisted; no timezone found
[warn] no price data for GIGA
$GLYC: possibly delisted; no timezone found
[warn] no price data for GLYC
$GRTX: possibly delisted; no price data found  (1d 2014-04-07 -> 2014-07-22) (Yahoo error = "Data doesn't exist for startDate = 1396843200, endDate = 1406001600")
[warn] no price data for GRTX
$GTII.: possibly delisted; no timezone found
$GTII-: possibly delisted; no timezone found
[warn] no price data for GTII.
$HARP: possibly delisted; no timezone found
[warn] no price data for HARP
$HEAR: possibly delisted; no timezone found
[warn] no price data for HEAR
$HMST: possibly delisted; no timezone found
[warn] no price data for HMST
$HNRA: possibly delisted; no timezone found
[warn] no price data for HNRA
$HSON: possibly delisted; no timezone found
[warn] no price data for HSON
$HTBI: possibly delisted; no price data found  (1d 2024-05-25 -> 2024-11-03)
[warn] no price data for HTBI
$HTLF: possibly delisted; no timezone found
[warn] no price data for HTLF
$ICCH: possibly delisted; no timezone found
[warn] no price data for ICCH
$IGMS: possibly delisted; no timezone found
[warn] no price data for IGMS
$ISDR: possibly delisted; no timezone found
[warn] no price data for ISDR
$ITOS: possibly delisted; no timezone found
[warn] no price data for ITOS
$IVCRQ: possibly delisted; no timezone found
[warn] no price data for IVCRQ
$IZTC: possibly delisted; no timezone found
[warn] no price data for IZTC
$JNVR: possibly delisted; no timezone found
[warn] no price data for JNVR
$JUSH.: possibly delisted; no timezone found
$JUSH-: possibly delisted; no timezone found
[warn] no price data for JUSH.
$KLG: possibly delisted; no timezone found
[warn] no price data for KLG
$KRBP: possibly delisted; no timezone found
[warn] no price data for KRBP
$KRON: possibly delisted; no timezone found
[warn] no price data for KRON
$LANC: possibly delisted; no price data found  (1d 2024-02-27 -> 2024-12-01)
[warn] no price data for LANC
$LAZY: possibly delisted; no timezone found
[warn] no price data for LAZY
$LBPH: possibly delisted; no timezone found
